[debug] [2025-04-24T05:23:53.308Z] ----------------------------------------------------------------------
[debug] [2025-04-24T05:23:53.312Z] Command:       /nix/store/ixbb20farqh1f4fqbmsn6b1ixn8mc8ij-nodejs-20.18.1/bin/node /nix/store/984bjqzf7prsischdc86jmqbn4ha5yxd-firebase-tools-14.2.0/lib/node_modules/firebase-tools/lib/bin/firebase.js login --no-localhost
[debug] [2025-04-24T05:23:53.314Z] CLI Version:   14.2.0
[debug] [2025-04-24T05:23:53.314Z] Platform:      linux
[debug] [2025-04-24T05:23:53.314Z] Node Version:  v20.18.1
[debug] [2025-04-24T05:23:53.315Z] Time:          Thu Apr 24 2025 05:23:53 GMT+0000 (Coordinated Universal Time)
[debug] [2025-04-24T05:23:53.315Z] ----------------------------------------------------------------------
[debug] 
[debug] [2025-04-24T05:23:53.322Z] >>> [apiv2][query] GET https://firebase-public.firebaseio.com/cli.json [none]
[info] i  Firebase optionally collects CLI and Emulator Suite usage and error reporting information to help improve our products. Data is collected in accordance with Google's privacy policy (https://policies.google.com/privacy) and is not used to identify you.
 
[debug] [2025-04-24T05:23:53.948Z] <<< [apiv2][status] GET https://firebase-public.firebaseio.com/cli.json 200
[debug] [2025-04-24T05:23:53.952Z] <<< [apiv2][body] GET https://firebase-public.firebaseio.com/cli.json {"cloudBuildErrorAfter":1594252800000,"cloudBuildWarnAfter":1590019200000,"defaultNode10After":1594252800000,"minVersion":"3.0.5","node8DeploysDisabledAfter":1613390400000,"node8RuntimeDisabledAfter":1615809600000,"node8WarnAfter":1600128000000}
[info] i  To change your data collection preference at any time, run `firebase logout` and log in again. 
[debug] [2025-04-24T05:23:59.086Z] >>> [apiv2][query] POST https://auth.firebase.tools/attest [none]
[debug] [2025-04-24T05:23:59.087Z] >>> [apiv2][body] POST https://auth.firebase.tools/attest {"session_id":"43e4cde4-ae83-494f-a7b7-e957c9d850bc"}
[debug] [2025-04-24T05:23:59.396Z] <<< [apiv2][status] POST https://auth.firebase.tools/attest 200
[debug] [2025-04-24T05:23:59.398Z] <<< [apiv2][body] POST https://auth.firebase.tools/attest {"token":"Cqy5x1HNnajYDhB5UZC3D3xKQPGQ3d70UNiCXeIfsHg"}
[info] 
[info] To sign in to the Firebase CLI:
[info] 
[info] 1. Take note of your session ID:
[info] 
[info]    43E4C
[info] 
[info] 2. Visit the URL below on any device and follow the instructions to get your code:
[info] 
[info]    https://auth.firebase.tools/login?code_challenge=4O83YLcuxnc3oJfGTZ4DId3s0DI4s-IefrKKb7X19F8&session=43e4cde4-ae83-494f-a7b7-e957c9d850bc&attest=Cqy5x1HNnajYDhB5UZC3D3xKQPGQ3d70UNiCXeIfsHg
[info] 
[info] 3. Paste or enter the authorization code below once you have it:
[info] 
